2024-06-09T10:47:35.107Z - Error: Duplicate entry 'rajr60666@gmail.com' for key 'students.PRIMARY'
    at Packet.asError (/home/mearjuntripathi/Documents/Programming/Backend Project/Testhub-server/node_modules/mysql2/lib/packets/packet.js:728:17)
    at Query.execute (/home/mearjuntripathi/Documents/Programming/Backend Project/Testhub-server/node_modules/mysql2/lib/commands/command.js:29:26)
    at Connection.handlePacket (/home/mearjuntripathi/Documents/Programming/Backend Project/Testhub-server/node_modules/mysql2/lib/connection.js:481:34)
    at PacketParser.onPacket (/home/mearjuntripathi/Documents/Programming/Backend Project/Testhub-server/node_modules/mysql2/lib/connection.js:97:12)
    at PacketParser.executeStart (/home/mearjuntripathi/Documents/Programming/Backend Project/Testhub-server/node_modules/mysql2/lib/packet_parser.js:75:16)
    at TLSSocket.<anonymous> (/home/mearjuntripathi/Documents/Programming/Backend Project/Testhub-server/node_modules/mysql2/lib/connection.js:395:25)
    at TLSSocket.emit (node:events:518:28)
    at addChunk (node:internal/streams/readable:559:12)
    at readableAddChunkPushByteMode (node:internal/streams/readable:510:3)
    at Readable.push (node:internal/streams/readable:390:5)
2024-06-09T10:48:17.910Z - Error: Duplicate entry 'rajr60666@gmail.com' for key 'students.PRIMARY'
    at Packet.asError (/home/mearjuntripathi/Documents/Programming/Backend Project/Testhub-server/node_modules/mysql2/lib/packets/packet.js:728:17)
    at Query.execute (/home/mearjuntripathi/Documents/Programming/Backend Project/Testhub-server/node_modules/mysql2/lib/commands/command.js:29:26)
    at Connection.handlePacket (/home/mearjuntripathi/Documents/Programming/Backend Project/Testhub-server/node_modules/mysql2/lib/connection.js:481:34)
    at PacketParser.onPacket (/home/mearjuntripathi/Documents/Programming/Backend Project/Testhub-server/node_modules/mysql2/lib/connection.js:97:12)
    at PacketParser.executeStart (/home/mearjuntripathi/Documents/Programming/Backend Project/Testhub-server/node_modules/mysql2/lib/packet_parser.js:75:16)
    at TLSSocket.<anonymous> (/home/mearjuntripathi/Documents/Programming/Backend Project/Testhub-server/node_modules/mysql2/lib/connection.js:395:25)
    at TLSSocket.emit (node:events:518:28)
    at addChunk (node:internal/streams/readable:559:12)
    at readableAddChunkPushByteMode (node:internal/streams/readable:510:3)
    at Readable.push (node:internal/streams/readable:390:5)
2024-06-09T11:04:52.875Z - Error: Duplicate entry 'rajr60666@gmail.com' for key 'students.PRIMARY'
    at Packet.asError (/home/mearjuntripathi/Documents/Programming/Backend Project/Testhub-server/node_modules/mysql2/lib/packets/packet.js:728:17)
    at Query.execute (/home/mearjuntripathi/Documents/Programming/Backend Project/Testhub-server/node_modules/mysql2/lib/commands/command.js:29:26)
    at Connection.handlePacket (/home/mearjuntripathi/Documents/Programming/Backend Project/Testhub-server/node_modules/mysql2/lib/connection.js:481:34)
    at PacketParser.onPacket (/home/mearjuntripathi/Documents/Programming/Backend Project/Testhub-server/node_modules/mysql2/lib/connection.js:97:12)
    at PacketParser.executeStart (/home/mearjuntripathi/Documents/Programming/Backend Project/Testhub-server/node_modules/mysql2/lib/packet_parser.js:75:16)
    at TLSSocket.<anonymous> (/home/mearjuntripathi/Documents/Programming/Backend Project/Testhub-server/node_modules/mysql2/lib/connection.js:395:25)
    at TLSSocket.emit (node:events:518:28)
    at addChunk (node:internal/streams/readable:559:12)
    at readableAddChunkPushByteMode (node:internal/streams/readable:510:3)
    at Readable.push (node:internal/streams/readable:390:5)
2024-06-09T11:26:40.119Z - Error: Duplicate entry 'rajr60666@gmail.com' for key 'students.PRIMARY'
    at Packet.asError (/home/mearjuntripathi/Documents/Programming/Backend Project/Testhub-server/node_modules/mysql2/lib/packets/packet.js:728:17)
    at Query.execute (/home/mearjuntripathi/Documents/Programming/Backend Project/Testhub-server/node_modules/mysql2/lib/commands/command.js:29:26)
    at Connection.handlePacket (/home/mearjuntripathi/Documents/Programming/Backend Project/Testhub-server/node_modules/mysql2/lib/connection.js:481:34)
    at PacketParser.onPacket (/home/mearjuntripathi/Documents/Programming/Backend Project/Testhub-server/node_modules/mysql2/lib/connection.js:97:12)
    at PacketParser.executeStart (/home/mearjuntripathi/Documents/Programming/Backend Project/Testhub-server/node_modules/mysql2/lib/packet_parser.js:75:16)
    at TLSSocket.<anonymous> (/home/mearjuntripathi/Documents/Programming/Backend Project/Testhub-server/node_modules/mysql2/lib/connection.js:395:25)
    at TLSSocket.emit (node:events:518:28)
    at addChunk (node:internal/streams/readable:559:12)
    at readableAddChunkPushByteMode (node:internal/streams/readable:510:3)
    at Readable.push (node:internal/streams/readable:390:5)
2024-06-09T11:26:42.577Z - Error: Duplicate entry 'rajr60666@gmail.com' for key 'students.PRIMARY'
    at Packet.asError (/home/mearjuntripathi/Documents/Programming/Backend Project/Testhub-server/node_modules/mysql2/lib/packets/packet.js:728:17)
    at Query.execute (/home/mearjuntripathi/Documents/Programming/Backend Project/Testhub-server/node_modules/mysql2/lib/commands/command.js:29:26)
    at Connection.handlePacket (/home/mearjuntripathi/Documents/Programming/Backend Project/Testhub-server/node_modules/mysql2/lib/connection.js:481:34)
    at PacketParser.onPacket (/home/mearjuntripathi/Documents/Programming/Backend Project/Testhub-server/node_modules/mysql2/lib/connection.js:97:12)
    at PacketParser.executeStart (/home/mearjuntripathi/Documents/Programming/Backend Project/Testhub-server/node_modules/mysql2/lib/packet_parser.js:75:16)
    at TLSSocket.<anonymous> (/home/mearjuntripathi/Documents/Programming/Backend Project/Testhub-server/node_modules/mysql2/lib/connection.js:395:25)
    at TLSSocket.emit (node:events:518:28)
    at addChunk (node:internal/streams/readable:559:12)
    at readableAddChunkPushByteMode (node:internal/streams/readable:510:3)
    at Readable.push (node:internal/streams/readable:390:5)
2024-06-09T11:27:04.696Z - Error: Duplicate entry 'rajr60666@gmail.com' for key 'students.PRIMARY'
    at Packet.asError (/home/mearjuntripathi/Documents/Programming/Backend Project/Testhub-server/node_modules/mysql2/lib/packets/packet.js:728:17)
    at Query.execute (/home/mearjuntripathi/Documents/Programming/Backend Project/Testhub-server/node_modules/mysql2/lib/commands/command.js:29:26)
    at Connection.handlePacket (/home/mearjuntripathi/Documents/Programming/Backend Project/Testhub-server/node_modules/mysql2/lib/connection.js:481:34)
    at PacketParser.onPacket (/home/mearjuntripathi/Documents/Programming/Backend Project/Testhub-server/node_modules/mysql2/lib/connection.js:97:12)
    at PacketParser.executeStart (/home/mearjuntripathi/Documents/Programming/Backend Project/Testhub-server/node_modules/mysql2/lib/packet_parser.js:75:16)
    at TLSSocket.<anonymous> (/home/mearjuntripathi/Documents/Programming/Backend Project/Testhub-server/node_modules/mysql2/lib/connection.js:395:25)
    at TLSSocket.emit (node:events:518:28)
    at addChunk (node:internal/streams/readable:559:12)
    at readableAddChunkPushByteMode (node:internal/streams/readable:510:3)
    at Readable.push (node:internal/streams/readable:390:5)
